# JRE version: OpenJDK Runtime Environment (8.0_152-b06) (build 1.8.0_152-release-1136-b06)
# Java VM: OpenJDK 64-Bit Server VM (25.152-b06 mixed mode windows-amd64 compressed oops)
Heap:
 PSYoungGen      total 486400K, used 401920K [0x00000000d5580000, 0x00000000f9380000, 0x0000000100000000)
  eden space 401920K, 100% used [0x00000000d5580000,0x00000000ede00000,0x00000000ede00000)
  from space 84480K, 0% used [0x00000000f3600000,0x00000000f3600000,0x00000000f8880000)
  to   space 90112K, 0% used [0x00000000ede00000,0x00000000ede00000,0x00000000f3600000)
 ParOldGen       total 175104K, used 174914K [0x0000000080000000, 0x000000008ab00000, 0x00000000d5580000)
  object space 175104K, 99% used [0x0000000080000000,0x000000008aad0a80,0x000000008ab00000)
 Metaspace       used 6663K, capacity 7350K, committed 7552K, reserved 1056768K
  class space    used 610K, capacity 622K, committed 640K, reserved 1048576K
GC Heap History (10 events):
Event: 24.128 GC heap before
{Heap before GC invocations=20 (full 10):
 PSYoungGen      total 486400K, used 401920K [0x00000000d5580000, 0x00000000f9380000, 0x0000000100000000)
  eden space 401920K, 100% used [0x00000000d5580000,0x00000000ede00000,0x00000000ede00000)
  from space 84480K, 0% used [0x00000000f3600000,0x00000000f3600000,0x00000000f8880000)
  to   space 90112K, 0% used [0x00000000ede00000,0x00000000ede00000,0x00000000f3600000)
 ParOldGen       total 175104K, used 174920K [0x0000000080000000, 0x000000008ab00000, 0x00000000d5580000)
  object space 175104K, 99% used [0x0000000080000000,0x000000008aad2260,0x000000008ab00000)
 Metaspace       used 6657K, capacity 7350K, committed 7552K, reserved 1056768K
  class space    used 610K, capacity 622K, committed 640K, reserved 1048576K
Event: 25.043 GC heap after
Heap after GC invocations=20 (full 10):
 PSYoungGen      total 486400K, used 297385K [0x00000000d5580000, 0x00000000f9380000, 0x0000000100000000)
  eden space 401920K, 73% used [0x00000000d5580000,0x00000000e77ea528,0x00000000ede00000)
  from space 84480K, 0% used [0x00000000f3600000,0x00000000f3600000,0x00000000f8880000)
  to   space 90112K, 0% used [0x00000000ede00000,0x00000000ede00000,0x00000000f3600000)
 ParOldGen       total 175104K, used 174918K [0x0000000080000000, 0x000000008ab00000, 0x00000000d5580000)
  object space 175104K, 99% used [0x0000000080000000,0x000000008aad19e0,0x000000008ab00000)
 Metaspace       used 6657K, capacity 7350K, committed 7552K, reserved 1056768K
  class space    used 610K, capacity 622K, committed 640K, reserved 1048576K
}
Event: 25.216 GC heap before
{Heap before GC invocations=21 (full 11):
 PSYoungGen      total 486400K, used 401920K [0x00000000d5580000, 0x00000000f9380000, 0x0000000100000000)
  eden space 401920K, 100% used [0x00000000d5580000,0x00000000ede00000,0x00000000ede00000)
  from space 84480K, 0% used [0x00000000f3600000,0x00000000f3600000,0x00000000f8880000)
  to   space 90112K, 0% used [0x00000000ede00000,0x00000000ede00000,0x00000000f3600000)
 ParOldGen       total 175104K, used 174918K [0x0000000080000000, 0x000000008ab00000, 0x00000000d5580000)
  object space 175104K, 99% used [0x0000000080000000,0x000000008aad19e0,0x000000008ab00000)
 Metaspace       used 6663K, capacity 7350K, committed 7552K, reserved 1056768K
  class space    used 610K, capacity 622K, committed 640K, reserved 1048576K
Event: 26.187 GC heap after
Heap after GC invocations=21 (full 11):
 PSYoungGen      total 486400K, used 310534K [0x00000000d5580000, 0x00000000f9380000, 0x0000000100000000)
  eden space 401920K, 77% used [0x00000000d5580000,0x00000000e84c1bf8,0x00000000ede00000)
  from space 84480K, 0% used [0x00000000f3600000,0x00000000f3600000,0x00000000f8880000)
  to   space 90112K, 0% used [0x00000000ede00000,0x00000000ede00000,0x00000000f3600000)
 ParOldGen       total 175104K, used 174916K [0x0000000080000000, 0x000000008ab00000, 0x00000000d5580000)
  object space 175104K, 99% used [0x0000000080000000,0x000000008aad1320,0x000000008ab00000)
 Metaspace       used 6663K, capacity 7350K, committed 7552K, reserved 1056768K
  class space    used 610K, capacity 622K, committed 640K, reserved 1048576K
}
Event: 26.359 GC heap before
{Heap before GC invocations=22 (full 12):
 PSYoungGen      total 486400K, used 401920K [0x00000000d5580000, 0x00000000f9380000, 0x0000000100000000)
  eden space 401920K, 100% used [0x00000000d5580000,0x00000000ede00000,0x00000000ede00000)
  from space 84480K, 0% used [0x00000000f3600000,0x00000000f3600000,0x00000000f8880000)
  to   space 90112K, 0% used [0x00000000ede00000,0x00000000ede00000,0x00000000f3600000)
 ParOldGen       total 175104K, used 174916K [0x0000000080000000, 0x000000008ab00000, 0x00000000d5580000)
  object space 175104K, 99% used [0x0000000080000000,0x000000008aad1320,0x000000008ab00000)
 Metaspace       used 6663K, capacity 7350K, committed 7552K, reserved 1056768K
  class space    used 610K, capacity 622K, committed 640K, reserved 1048576K
Event: 27.464 GC heap after
Heap after GC invocations=22 (full 12):
 PSYoungGen      total 486400K, used 326863K [0x00000000d5580000, 0x00000000f9380000, 0x0000000100000000)
  eden space 401920K, 81% used [0x00000000d5580000,0x00000000e94b3fb0,0x00000000ede00000)
  from space 84480K, 0% used [0x00000000f3600000,0x00000000f3600000,0x00000000f8880000)
  to   space 90112K, 0% used [0x00000000ede00000,0x00000000ede00000,0x00000000f3600000)
 ParOldGen       total 175104K, used 174915K [0x0000000080000000, 0x000000008ab00000, 0x00000000d5580000)
  object space 175104K, 99% used [0x0000000080000000,0x000000008aad0fa0,0x000000008ab00000)
 Metaspace       used 6663K, capacity 7350K, committed 7552K, reserved 1056768K
  class space    used 610K, capacity 622K, committed 640K, reserved 1048576K
}
Event: 27.638 GC heap before
{Heap before GC invocations=23 (full 13):
 PSYoungGen      total 486400K, used 401920K [0x00000000d5580000, 0x00000000f9380000, 0x0000000100000000)
  eden space 401920K, 100% used [0x00000000d5580000,0x00000000ede00000,0x00000000ede00000)
  from space 84480K, 0% used [0x00000000f3600000,0x00000000f3600000,0x00000000f8880000)
  to   space 90112K, 0% used [0x00000000ede00000,0x00000000ede00000,0x00000000f3600000)
 ParOldGen       total 175104K, used 174915K [0x0000000080000000, 0x000000008ab00000, 0x00000000d5580000)
  object space 175104K, 99% used [0x0000000080000000,0x000000008aad0fa0,0x000000008ab00000)
 Metaspace       used 6663K, capacity 7350K, committed 7552K, reserved 1056768K
  class space    used 610K, capacity 622K, committed 640K, reserved 1048576K
Event: 28.601 GC heap after
Heap after GC invocations=23 (full 13):
 PSYoungGen      total 486400K, used 336011K [0x00000000d5580000, 0x00000000f9380000, 0x0000000100000000)
  eden space 401920K, 83% used [0x00000000d5580000,0x00000000e9da2ff8,0x00000000ede00000)
  from space 84480K, 0% used [0x00000000f3600000,0x00000000f3600000,0x00000000f8880000)
  to   space 90112K, 0% used [0x00000000ede00000,0x00000000ede00000,0x00000000f3600000)
 ParOldGen       total 175104K, used 174915K [0x0000000080000000, 0x000000008ab00000, 0x00000000d5580000)
  object space 175104K, 99% used [0x0000000080000000,0x000000008aad0d40,0x000000008ab00000)
 Metaspace       used 6663K, capacity 7350K, committed 7552K, reserved 1056768K
  class space    used 610K, capacity 622K, committed 640K, reserved 1048576K
}
Event: 29.439 GC heap before
{Heap before GC invocations=24 (full 14):
 PSYoungGen      total 486400K, used 401920K [0x00000000d5580000, 0x00000000f9380000, 0x0000000100000000)
  eden space 401920K, 100% used [0x00000000d5580000,0x00000000ede00000,0x00000000ede00000)
  from space 84480K, 0% used [0x00000000f3600000,0x00000000f3600000,0x00000000f8880000)
  to   space 90112K, 0% used [0x00000000ede00000,0x00000000ede00000,0x00000000f3600000)
 ParOldGen       total 175104K, used 174915K [0x0000000080000000, 0x000000008ab00000, 0x00000000d5580000)
  object space 175104K, 99% used [0x0000000080000000,0x000000008aad0d40,0x000000008ab00000)
 Metaspace       used 6663K, capacity 7350K, committed 7552K, reserved 1056768K
  class space    used 610K, capacity 622K, committed 640K, reserved 1048576K
Event: 30.573 GC heap after
Heap after GC invocations=24 (full 14):
 PSYoungGen      total 486400K, used 346065K [0x00000000d5580000, 0x00000000f9380000, 0x0000000100000000)
  eden space 401920K, 86% used [0x00000000d5580000,0x00000000ea774690,0x00000000ede00000)
  from space 84480K, 0% used [0x00000000f3600000,0x00000000f3600000,0x00000000f8880000)
  to   space 90112K, 0% used [0x00000000ede00000,0x00000000ede00000,0x00000000f3600000)
 ParOldGen       total 175104K, used 174914K [0x0000000080000000, 0x000000008ab00000, 0x00000000d5580000)
  object space 175104K, 99% used [0x0000000080000000,0x000000008aad0a80,0x000000008ab00000)
 Metaspace       used 6663K, capacity 7350K, committed 7552K, reserved 1056768K
  class space    used 610K, capacity 622K, committed 640K, reserved 1048576K
}

